<?xml version="1.0" encoding="UTF-8"?>
<!-- Generated by org.testng.reporters.JUnitXMLReporter -->
<testsuite ignored="0" hostname="LAPTOP-TRRVQMAI" failures="0" tests="3" name="Default test" time="30.74" errors="0" timestamp="2025-08-23T10:54:41 IST">
  <testcase classname="com.wiprojuly.testing.TestNGDataProvidersEg" name="logintest" time="10.803"/>
  <testcase classname="com.wiprojuly.testing.TestNGDataProvidersEg" name="logintest" time="10.019"/>
  <testcase classname="com.wiprojuly.testing.TestNGDataProvidersEg" name="logintest" time="9.871"/>
</testsuite> <!-- Default test -->
