<?xml version="1.0" encoding="UTF-8"?>
<testng-results ignored="0" total="1" passed="1" failed="0" skipped="0">
  <reporter-output>
  </reporter-output>
  <suite started-at="2025-08-23T12:31:33 IST" name="DB Suite" finished-at="2025-08-23T12:31:47 IST" duration-ms="14095">
    <groups>
    </groups>
    <test started-at="2025-08-23T12:31:33 IST" name="Database Login Test" finished-at="2025-08-23T12:31:47 IST" duration-ms="14095">
      <class name="com.wiprojuly.testing.TestNGTestcase">
        <test-method signature="login()[pri:0, instance:com.wiprojuly.testing.TestNGTestcase@6c45ee6e]" started-at="2025-08-23T12:31:33 IST" name="login" finished-at="2025-08-23T12:31:47 IST" duration-ms="14015" status="PASS">
          <reporter-output>
          </reporter-output>
        </test-method> <!-- login -->
      </class> <!-- com.wiprojuly.testing.TestNGTestcase -->
    </test> <!-- Database Login Test -->
  </suite> <!-- DB Suite -->
</testng-results>
